1536088001040	geckodriver	INFO	geckodriver 0.21.0
1536088001045	geckodriver	INFO	Listening on 127.0.0.1:50854
1536088002059	mozrunner::runner	INFO	Running command: "/Applications/Firefox.app/Contents/MacOS/firefox-bin" "-marionette" "-foreground" "-no-remote" "-profile" "/var/folders/_h/dh5z1yw12ns3x17m_b6k0fjc0000gn/T/rust_mozprofile.KUJEgPGR8DKZ"
2018-09-04 14:06:43.169 plugin-container[18547:7154173] *** CFMessagePort: bootstrap_register(): failed 1100 (0x44c) 'Permission denied', port = 0x7d3f, name = 'com.apple.tsm.portname'
See /usr/include/servers/bootstrap_defs.h for the error codes.
2018-09-04 14:06:43.334 plugin-container[18548:7154256] *** CFMessagePort: bootstrap_register(): failed 1100 (0x44c) 'Permission denied', port = 0x8203, name = 'com.apple.tsm.portname'
See /usr/include/servers/bootstrap_defs.h for the error codes.
1536088003486	Marionette	INFO	Listening on port 50861
1536088003502	Marionette	WARN	TLS certificate errors will be ignored for this session
2018-09-04 14:06:44.120 plugin-container[18558:7154401] *** CFMessagePort: bootstrap_register(): failed 1100 (0x44c) 'Permission denied', port = 0x8903, name = 'com.apple.tsm.portname'
See /usr/include/servers/bootstrap_defs.h for the error codes.
1536089381934	geckodriver	INFO	geckodriver 0.21.0
1536089381939	geckodriver	INFO	Listening on 127.0.0.1:51030
1536089383808	mozrunner::runner	INFO	Running command: "/Applications/Firefox.app/Contents/MacOS/firefox-bin" "-marionette" "-foreground" "-no-remote" "-profile" "/var/folders/_h/dh5z1yw12ns3x17m_b6k0fjc0000gn/T/rust_mozprofile.HBOveBlrroeC"
2018-09-04 14:29:44.968 plugin-container[18945:7183745] *** CFMessagePort: bootstrap_register(): failed 1100 (0x44c) 'Permission denied', port = 0x803f, name = 'com.apple.tsm.portname'
See /usr/include/servers/bootstrap_defs.h for the error codes.
2018-09-04 14:29:45.096 plugin-container[18946:7183773] *** CFMessagePort: bootstrap_register(): failed 1100 (0x44c) 'Permission denied', port = 0x7907, name = 'com.apple.tsm.portname'
See /usr/include/servers/bootstrap_defs.h for the error codes.
1536089385257	Marionette	INFO	Listening on port 51037
1536089385349	Marionette	WARN	TLS certificate errors will be ignored for this session
*** UTM:SVC TimerManager:registerTimer called after profile-before-change notification. Ignoring timer registration for id: telemetry_modules_ping
